0 info it worked if it ends with ok
1 verbose cli [ 'C:\\Program Files\\nodejs\\node.exe',
1 verbose cli   'C:\\Users\\hanhttm\\Desktop\\agularjs2\\node_modules\\npm\\bin\\npm-cli.js',
1 verbose cli   'run',
1 verbose cli   'tsc:w' ]
2 info using npm@3.10.5
3 info using node@v4.4.7
4 verbose run-script [ 'pretsc:w', 'tsc:w', 'posttsc:w' ]
5 info lifecycle angular2-tour@1.0.0~pretsc:w: angular2-tour@1.0.0
6 silly lifecycle angular2-tour@1.0.0~pretsc:w: no script for pretsc:w, continuing
7 info lifecycle angular2-tour@1.0.0~tsc:w: angular2-tour@1.0.0
8 verbose lifecycle angular2-tour@1.0.0~tsc:w: unsafe-perm in lifecycle true
9 verbose lifecycle angular2-tour@1.0.0~tsc:w: PATH: C:\Users\hanhttm\Desktop\agularjs2\node_modules\npm\bin\node-gyp-bin;C:\Users\hanhttm\Desktop\agularjs2\node_modules\.bin;C:\Program Files\nodejs;C:\Program Files\nodejs\node_modules\npm\bin\node-gyp-bin;C:\Users\hanhttm\Desktop\agularjs2\node_modules\.bin;C:\Program Files\nodejs;C:\ProgramData\Oracle\Java\javapath;C:\Windows\system32;C:\Windows;C:\Windows\System32\Wbem;C:\Windows\System32\WindowsPowerShell\v1.0\;c:\Program Files (x86)\Microsoft SQL Server\100\Tools\Binn\;c:\Program Files (x86)\Microsoft SQL Server\100\DTS\Binn\;c:\Program Files (x86)\Microsoft SQL Server\100\Tools\Binn\VSShell\Common7\IDE\;c:\Program Files\Microsoft SQL Server\100\Tools\Binn\;c:\xampp\php;c:\xampp\localhost\cakephp1\app;C:\Program Files (x86)\Skype\Phone\;C:\Program Files\TortoiseSVN\bin;C:\Program Files\LogiGear\TestArchitect\binclient;C:\Program Files\nodejs\;C:\Users\hanhttm\AppData\Local\CocCoc\Browser\Application;C:\ProgramData\Oracle\Java\javapath;C:\Windows\system32;C:\Windows;C:\Windows\System32\Wbem;C:\Windows\System32\WindowsPowerShell\v1.0\;c:\Program Files (x86)\Microsoft SQL Server\100\Tools\Binn\;c:\Program Files (x86)\Microsoft SQL Server\100\DTS\Binn\;c:\Program Files (x86)\Microsoft SQL Server\100\Tools\Binn\VSShell\Common7\IDE\;c:\Program Files\Microsoft SQL Server\100\Tools\Binn\;c:\xampp\php;c:\xampp\localhost\cakephp1\app;C:\Program Files (x86)\Skype\Phone\;C:\Users\hanhttm\AppData\Local\ComposerSetup\bin;C:\Users\hanhttm\AppData\Local\Programs\Git\cmd;C:\Users\hanhttm\AppData\Roaming\npm
10 verbose lifecycle angular2-tour@1.0.0~tsc:w: CWD: C:\Users\hanhttm\Desktop\agularjs2
11 silly lifecycle angular2-tour@1.0.0~tsc:w: Args: [ '/d /s /c', 'tsc -w' ]
12 silly lifecycle angular2-tour@1.0.0~tsc:w: Returned: code: 3221225786  signal: null
13 info lifecycle angular2-tour@1.0.0~tsc:w: Failed to exec tsc:w script
14 verbose stack Error: angular2-tour@1.0.0 tsc:w: `tsc -w`
14 verbose stack Exit status 3221225786
14 verbose stack     at EventEmitter.<anonymous> (C:\Users\hanhttm\Desktop\agularjs2\node_modules\npm\lib\utils\lifecycle.js:242:16)
14 verbose stack     at emitTwo (events.js:87:13)
14 verbose stack     at EventEmitter.emit (events.js:172:7)
14 verbose stack     at ChildProcess.<anonymous> (C:\Users\hanhttm\Desktop\agularjs2\node_modules\npm\lib\utils\spawn.js:40:14)
14 verbose stack     at emitTwo (events.js:87:13)
14 verbose stack     at ChildProcess.emit (events.js:172:7)
14 verbose stack     at maybeClose (internal/child_process.js:827:16)
14 verbose stack     at Process.ChildProcess._handle.onexit (internal/child_process.js:211:5)
15 verbose pkgid angular2-tour@1.0.0
16 verbose cwd C:\Users\hanhttm\Desktop\agularjs2
17 error Windows_NT 6.1.7601
18 error argv "C:\\Program Files\\nodejs\\node.exe" "C:\\Users\\hanhttm\\Desktop\\agularjs2\\node_modules\\npm\\bin\\npm-cli.js" "run" "tsc:w"
19 error node v4.4.7
20 error npm  v3.10.5
21 error code ELIFECYCLE
22 error angular2-tour@1.0.0 tsc:w: `tsc -w`
22 error Exit status 3221225786
23 error Failed at the angular2-tour@1.0.0 tsc:w script 'tsc -w'.
23 error Make sure you have the latest version of node.js and npm installed.
23 error If you do, this is most likely a problem with the angular2-tour package,
23 error not with npm itself.
23 error Tell the author that this fails on your system:
23 error     tsc -w
23 error You can get information on how to open an issue for this project with:
23 error     npm bugs angular2-tour
23 error Or if that isn't available, you can get their info via:
23 error     npm owner ls angular2-tour
23 error There is likely additional logging output above.
24 verbose exit [ 1, true ]
